#! /ucrt64/bin/vvp
:ivl_version "13.0 (stable)" "(v13_0)";
:ivl_delay_selection "TYPICAL";
:vpi_time_precision - 12;
:vpi_module "C:\msys64\ucrt64\lib\ivl\system.vpi";
:vpi_module "C:\msys64\ucrt64\lib\ivl\vhdl_sys.vpi";
:vpi_module "C:\msys64\ucrt64\lib\ivl\vhdl_textio.vpi";
:vpi_module "C:\msys64\ucrt64\lib\ivl\v2005_math.vpi";
:vpi_module "C:\msys64\ucrt64\lib\ivl\va_math.vpi";
:vpi_module "C:\msys64\ucrt64\lib\ivl\v2009.vpi";
S_000001994ac36290 .scope package, "$unit" "$unit" 2 1;
 .timescale 0 0;
S_000001994ac33ce0 .scope module, "tb_async_fifo" "tb_async_fifo" 3 3;
 .timescale -9 -12;
P_000001994ac343f0 .param/l "DATA_WIDTH" 1 3 5, +C4<00000000000000000000000000100000>;
P_000001994ac34428 .param/l "FIFO_DEPTH" 1 3 6, +C4<00000000000000000000000000000100>;
v000001994ac30260_0 .var "clk_rd", 0 0;
v000001994ac2ec80_0 .var "clk_wr", 0 0;
v000001994ac2ffe0_0 .var/str "cmd";
v000001994ac2fc20_0 .var "data", 31 0;
v000001994ac2f400_0 .net "empty", 0 0, L_000001994ac30440;  1 drivers
v000001994ac2edc0_0 .var/i "fd_in", 31 0;
v000001994ac2f4a0_0 .var/i "fd_out", 31 0;
v000001994ac2ef00_0 .net "full", 0 0, L_000001994ac2fcc0;  1 drivers
v000001994ac2fae0_0 .net "rd_data", 31 0, v000001994ac2f720_0;  1 drivers
v000001994ac303a0_0 .var "rd_en", 0 0;
v000001994ac2f0e0_0 .var "rst_n_rd", 0 0;
v000001994ac2f540_0 .var "rst_n_wr", 0 0;
v000001994ac2efa0_0 .var "wr_data", 31 0;
v000001994ac2fb80_0 .var "wr_en", 0 0;
S_000001994ac46d70 .scope module, "dut" "async_fifo" 3 23, 4 1 0, S_000001994ac33ce0;
 .timescale 0 0;
    .port_info 0 /INPUT 1 "clk_wr";
    .port_info 1 /INPUT 1 "rst_n_wr";
    .port_info 2 /INPUT 1 "wr_en";
    .port_info 3 /INPUT 32 "wr_data";
    .port_info 4 /INPUT 1 "clk_rd";
    .port_info 5 /INPUT 1 "rst_n_rd";
    .port_info 6 /INPUT 1 "rd_en";
    .port_info 7 /OUTPUT 32 "rd_data";
    .port_info 8 /OUTPUT 1 "full";
    .port_info 9 /OUTPUT 1 "empty";
P_000001994ac33e70 .param/l "DATA_WIDTH" 0 4 2, +C4<00000000000000000000000000100000>;
P_000001994ac33ea8 .param/l "FIFO_DEPTH" 0 4 3, +C4<00000000000000000000000000000100>;
P_000001994ac33ee0 .param/l "PTR_WIDTH" 1 4 17, +C4<00000000000000000000000000000010>;
L_000001994ac2b5f0 .functor NOT 2, L_000001994ac2f180, C4<00>, C4<00>, C4<00>;
v000001994ac2ee60_0 .net *"_ivl_3", 1 0, L_000001994ac2f180;  1 drivers
v000001994ac2f9a0_0 .net *"_ivl_4", 1 0, L_000001994ac2b5f0;  1 drivers
v000001994ac2f2c0_0 .net *"_ivl_7", 0 0, L_000001994ac2f220;  1 drivers
v000001994ac30580_0 .net *"_ivl_8", 2 0, L_000001994ac2f5e0;  1 drivers
v000001994ac2fea0_0 .net "clk_rd", 0 0, v000001994ac30260_0;  1 drivers
v000001994ac2fa40_0 .net "clk_wr", 0 0, v000001994ac2ec80_0;  1 drivers
v000001994ac2f860_0 .net "empty", 0 0, L_000001994ac30440;  alias, 1 drivers
v000001994ac30800 .array "fifo_mem", 3 0, 31 0;
v000001994ac2fd60_0 .net "full", 0 0, L_000001994ac2fcc0;  alias, 1 drivers
v000001994ac2f720_0 .var "rd_data", 31 0;
v000001994ac2fe00_0 .net "rd_en", 0 0, v000001994ac303a0_0;  1 drivers
v000001994ac2f040_0 .var "rd_ptr", 2 0;
v000001994ac306c0_0 .var "rd_ptr_gray", 2 0;
v000001994ac2e960_0 .var "rd_ptr_gray_sync_0", 2 0;
v000001994ac2f680_0 .var "rd_ptr_gray_sync_1", 2 0;
v000001994ac2f900_0 .net "rst_n_rd", 0 0, v000001994ac2f0e0_0;  1 drivers
v000001994ac2ff40_0 .net "rst_n_wr", 0 0, v000001994ac2f540_0;  1 drivers
v000001994ac2ea00_0 .net "wr_data", 31 0, v000001994ac2efa0_0;  1 drivers
v000001994ac2eaa0_0 .net "wr_en", 0 0, v000001994ac2fb80_0;  1 drivers
v000001994ac2ed20_0 .var "wr_ptr", 2 0;
v000001994ac30300_0 .var "wr_ptr_gray", 2 0;
v000001994ac2eb40_0 .var "wr_ptr_gray_sync_0", 2 0;
v000001994ac2ebe0_0 .var "wr_ptr_gray_sync_1", 2 0;
E_000001994ac31560/0 .event negedge, v000001994ac2ff40_0;
E_000001994ac31560/1 .event posedge, v000001994ac2fa40_0;
E_000001994ac31560 .event/or E_000001994ac31560/0, E_000001994ac31560/1;
E_000001994ac312e0/0 .event negedge, v000001994ac2f900_0;
E_000001994ac312e0/1 .event posedge, v000001994ac2fea0_0;
E_000001994ac312e0 .event/or E_000001994ac312e0/0, E_000001994ac312e0/1;
L_000001994ac30440 .cmp/eq 3, v000001994ac2ebe0_0, v000001994ac306c0_0;
L_000001994ac2f180 .part v000001994ac2f680_0, 1, 2;
L_000001994ac2f220 .part v000001994ac2f680_0, 0, 1;
L_000001994ac2f5e0 .concat [ 1 2 0 0], L_000001994ac2f220, L_000001994ac2b5f0;
L_000001994ac2fcc0 .cmp/eq 3, v000001994ac30300_0, L_000001994ac2f5e0;
S_000001994ac375e0 .scope task, "fifo_read" "fifo_read" 3 148, 3 148 0, S_000001994ac33ce0;
 .timescale -9 -12;
E_000001994ac317e0 .event posedge, v000001994ac2fea0_0;
TD_tb_async_fifo.fifo_read ;
    %wait E_000001994ac317e0;
    %delay 1000, 0;
    %pushi/vec4 1, 0, 1;
    %store/vec4 v000001994ac303a0_0, 0, 1;
    %wait E_000001994ac317e0;
    %delay 1000, 0;
    %pushi/vec4 0, 0, 1;
    %store/vec4 v000001994ac303a0_0, 0, 1;
    %end;
S_000001994ac46f00 .scope task, "fifo_write" "fifo_write" 3 136, 3 136 0, S_000001994ac33ce0;
 .timescale -9 -12;
v000001994ac2f360_0 .var "data", 31 0;
E_000001994ac31320 .event posedge, v000001994ac2fa40_0;
TD_tb_async_fifo.fifo_write ;
    %wait E_000001994ac31320;
    %delay 1000, 0;
    %pushi/vec4 1, 0, 1;
    %store/vec4 v000001994ac2fb80_0, 0, 1;
    %load/vec4 v000001994ac2f360_0;
    %store/vec4 v000001994ac2efa0_0, 0, 32;
    %wait E_000001994ac31320;
    %delay 1000, 0;
    %pushi/vec4 0, 0, 1;
    %store/vec4 v000001994ac2fb80_0, 0, 1;
    %end;
    .scope S_000001994ac46d70;
T_2 ;
    %wait E_000001994ac31560;
    %load/vec4 v000001994ac2ff40_0;
    %nor/r;
    %flag_set/vec4 8;
    %jmp/0xz  T_2.0, 8;
    %pushi/vec4 0, 0, 3;
    %assign/vec4 v000001994ac2ed20_0, 0;
    %pushi/vec4 0, 0, 3;
    %assign/vec4 v000001994ac30300_0, 0;
    %jmp T_2.1;
T_2.0 ;
    %load/vec4 v000001994ac2eaa0_0;
    %flag_set/vec4 9;
    %flag_get/vec4 9;
    %jmp/0 T_2.4, 9;
    %load/vec4 v000001994ac2fd60_0;
    %nor/r;
    %and;
T_2.4;
    %flag_set/vec4 8;
    %jmp/0xz  T_2.2, 8;
    %load/vec4 v000001994ac2ea00_0;
    %load/vec4 v000001994ac2ed20_0;
    %parti/s 2, 0, 2;
    %pad/u 4;
    %ix/vec4 3;
    %ix/load 4, 0, 0; Constant delay
    %assign/vec4/a/d v000001994ac30800, 0, 4;
    %load/vec4 v000001994ac2ed20_0;
    %addi 1, 0, 3;
    %assign/vec4 v000001994ac2ed20_0, 0;
    %load/vec4 v000001994ac2ed20_0;
    %pad/u 32;
    %addi 1, 0, 32;
    %load/vec4 v000001994ac2ed20_0;
    %pad/u 32;
    %addi 1, 0, 32;
    %ix/load 4, 1, 0;
    %flag_set/imm 4, 0;
    %shiftr 4;
    %xor;
    %pad/u 3;
    %assign/vec4 v000001994ac30300_0, 0;
T_2.2 ;
T_2.1 ;
    %jmp T_2;
    .thread T_2;
    .scope S_000001994ac46d70;
T_3 ;
    %wait E_000001994ac312e0;
    %load/vec4 v000001994ac2f900_0;
    %nor/r;
    %flag_set/vec4 8;
    %jmp/0xz  T_3.0, 8;
    %pushi/vec4 0, 0, 3;
    %assign/vec4 v000001994ac2f040_0, 0;
    %pushi/vec4 0, 0, 3;
    %assign/vec4 v000001994ac306c0_0, 0;
    %jmp T_3.1;
T_3.0 ;
    %load/vec4 v000001994ac2fe00_0;
    %flag_set/vec4 9;
    %flag_get/vec4 9;
    %jmp/0 T_3.4, 9;
    %load/vec4 v000001994ac2f860_0;
    %nor/r;
    %and;
T_3.4;
    %flag_set/vec4 8;
    %jmp/0xz  T_3.2, 8;
    %load/vec4 v000001994ac2f040_0;
    %parti/s 2, 0, 2;
    %pad/u 4;
    %ix/vec4 4;
    %load/vec4a v000001994ac30800, 4;
    %assign/vec4 v000001994ac2f720_0, 0;
    %load/vec4 v000001994ac2f040_0;
    %addi 1, 0, 3;
    %assign/vec4 v000001994ac2f040_0, 0;
    %load/vec4 v000001994ac2f040_0;
    %pad/u 32;
    %addi 1, 0, 32;
    %load/vec4 v000001994ac2f040_0;
    %pad/u 32;
    %addi 1, 0, 32;
    %ix/load 4, 1, 0;
    %flag_set/imm 4, 0;
    %shiftr 4;
    %xor;
    %pad/u 3;
    %assign/vec4 v000001994ac306c0_0, 0;
T_3.2 ;
T_3.1 ;
    %jmp T_3;
    .thread T_3;
    .scope S_000001994ac46d70;
T_4 ;
    %wait E_000001994ac312e0;
    %load/vec4 v000001994ac2f900_0;
    %nor/r;
    %flag_set/vec4 8;
    %jmp/0xz  T_4.0, 8;
    %pushi/vec4 0, 0, 3;
    %assign/vec4 v000001994ac2eb40_0, 0;
    %pushi/vec4 0, 0, 3;
    %assign/vec4 v000001994ac2ebe0_0, 0;
    %jmp T_4.1;
T_4.0 ;
    %load/vec4 v000001994ac30300_0;
    %assign/vec4 v000001994ac2eb40_0, 0;
    %load/vec4 v000001994ac2eb40_0;
    %assign/vec4 v000001994ac2ebe0_0, 0;
T_4.1 ;
    %jmp T_4;
    .thread T_4;
    .scope S_000001994ac46d70;
T_5 ;
    %wait E_000001994ac31560;
    %load/vec4 v000001994ac2ff40_0;
    %nor/r;
    %flag_set/vec4 8;
    %jmp/0xz  T_5.0, 8;
    %pushi/vec4 0, 0, 3;
    %assign/vec4 v000001994ac2e960_0, 0;
    %pushi/vec4 0, 0, 3;
    %assign/vec4 v000001994ac2f680_0, 0;
    %jmp T_5.1;
T_5.0 ;
    %load/vec4 v000001994ac306c0_0;
    %assign/vec4 v000001994ac2e960_0, 0;
    %load/vec4 v000001994ac2e960_0;
    %assign/vec4 v000001994ac2f680_0, 0;
T_5.1 ;
    %jmp T_5;
    .thread T_5;
    .scope S_000001994ac33ce0;
T_6 ;
    %pushi/vec4 0, 0, 1;
    %store/vec4 v000001994ac2ec80_0, 0, 1;
T_6.0 ;
    %delay 2500, 0;
    %load/vec4 v000001994ac2ec80_0;
    %inv;
    %store/vec4 v000001994ac2ec80_0, 0, 1;
    %jmp T_6.0;
T_6.1 ;
    %end;
    .thread T_6;
    .scope S_000001994ac33ce0;
T_7 ;
    %pushi/vec4 0, 0, 1;
    %store/vec4 v000001994ac30260_0, 0, 1;
T_7.0 ;
    %delay 5000, 0;
    %load/vec4 v000001994ac30260_0;
    %inv;
    %store/vec4 v000001994ac30260_0, 0, 1;
    %jmp T_7.0;
T_7.1 ;
    %end;
    .thread T_7;
    .scope S_000001994ac33ce0;
T_8 ;
    %vpi_call/w 3 56 "$dumpfile", "async_fifo.vcd" {0 0 0};
    %vpi_call/w 3 57 "$dumpvars", 32'sb00000000000000000000000000000000, S_000001994ac33ce0 {0 0 0};
    %pushi/vec4 0, 0, 1;
    %store/vec4 v000001994ac2f540_0, 0, 1;
    %pushi/vec4 0, 0, 1;
    %store/vec4 v000001994ac2f0e0_0, 0, 1;
    %pushi/vec4 0, 0, 1;
    %store/vec4 v000001994ac2fb80_0, 0, 1;
    %pushi/vec4 0, 0, 1;
    %store/vec4 v000001994ac303a0_0, 0, 1;
    %pushi/vec4 0, 0, 32;
    %store/vec4 v000001994ac2efa0_0, 0, 32;
    %fork t_1, S_000001994ac33ce0;
    %fork t_2, S_000001994ac33ce0;
    %join;
    %join;
    %jmp t_0;
t_1 ;
    %wait E_000001994ac31320;
    %delay 1000, 0;
    %pushi/vec4 1, 0, 1;
    %store/vec4 v000001994ac2f540_0, 0, 1;
    %end;
t_2 ;
    %wait E_000001994ac317e0;
    %delay 1000, 0;
    %pushi/vec4 1, 0, 1;
    %store/vec4 v000001994ac2f0e0_0, 0, 1;
    %end;
    .scope S_000001994ac33ce0;
t_0 ;
    %vpi_func 3 83 "$fopen" 32, "./model/stimulus.txt", "r" {0 0 0};
    %store/vec4 v000001994ac2edc0_0, 0, 32;
    %vpi_func 3 84 "$fopen" 32, "./model/dut_output.txt", "w" {0 0 0};
    %store/vec4 v000001994ac2f4a0_0, 0, 32;
    %load/vec4 v000001994ac2edc0_0;
    %cmpi/e 0, 0, 32;
    %jmp/1 T_8.2, 4;
    %flag_mov 8, 4;
    %load/vec4 v000001994ac2f4a0_0;
    %cmpi/e 0, 0, 32;
    %flag_or 4, 8;
T_8.2;
    %jmp/0xz  T_8.0, 4;
    %vpi_call/w 3 87 "$display", "Failed to open files." {0 0 0};
    %vpi_call/w 3 88 "$finish" {0 0 0};
T_8.0 ;
T_8.3 ;
    %vpi_func 3 91 "$feof" 32, v000001994ac2edc0_0 {0 0 0};
    %nor/r;
    %flag_set/vec4 8;
    %jmp/0xz T_8.4, 8;
    %vpi_call/w 3 95 "$fscanf", v000001994ac2edc0_0, "%s %d\012", v000001994ac2ffe0_0, v000001994ac2fc20_0 {0 0 0};
    %load/str v000001994ac2ffe0_0;
    %pushi/str "WRITE";
    %cmp/str;
    %flag_get/vec4 4;
    %flag_set/vec4 8;
    %jmp/0xz  T_8.5, 8;
    %load/vec4 v000001994ac2fc20_0;
    %store/vec4 v000001994ac2f360_0, 0, 32;
    %fork TD_tb_async_fifo.fifo_write, S_000001994ac46f00;
    %join;
    %jmp T_8.6;
T_8.5 ;
    %load/str v000001994ac2ffe0_0;
    %pushi/str "READ";
    %cmp/str;
    %flag_get/vec4 4;
    %flag_set/vec4 8;
    %jmp/0xz  T_8.7, 8;
    %fork TD_tb_async_fifo.fifo_read, S_000001994ac375e0;
    %join;
T_8.7 ;
T_8.6 ;
    %jmp T_8.3;
T_8.4 ;
    %vpi_call/w 3 106 "$fclose", v000001994ac2edc0_0 {0 0 0};
    %vpi_call/w 3 107 "$fclose", v000001994ac2f4a0_0 {0 0 0};
    %delay 100000, 0;
    %vpi_call/w 3 109 "$display", "Test Completed." {0 0 0};
    %vpi_call/w 3 110 "$display", "dut_output.txt generated." {0 0 0};
    %vpi_call/w 3 112 "$finish" {0 0 0};
    %end;
    .thread T_8;
    .scope S_000001994ac33ce0;
T_9 ;
    %wait E_000001994ac31320;
    %load/vec4 v000001994ac2f540_0;
    %flag_set/vec4 10;
    %flag_get/vec4 10;
    %jmp/0 T_9.3, 10;
    %load/vec4 v000001994ac2fb80_0;
    %and;
T_9.3;
    %flag_set/vec4 9;
    %flag_get/vec4 9;
    %jmp/0 T_9.2, 9;
    %load/vec4 v000001994ac2ef00_0;
    %nor/r;
    %and;
T_9.2;
    %flag_set/vec4 8;
    %jmp/0xz  T_9.0, 8;
    %delay 1000, 0;
    %vpi_call/w 3 119 "$fdisplay", v000001994ac2f4a0_0, "WRITE: data=%0d", v000001994ac2efa0_0 {0 0 0};
    %jmp T_9.1;
T_9.0 ;
    %load/vec4 v000001994ac2f540_0;
    %flag_set/vec4 10;
    %flag_get/vec4 10;
    %jmp/0 T_9.7, 10;
    %load/vec4 v000001994ac2fb80_0;
    %and;
T_9.7;
    %flag_set/vec4 9;
    %flag_get/vec4 9;
    %jmp/0 T_9.6, 9;
    %load/vec4 v000001994ac2ef00_0;
    %and;
T_9.6;
    %flag_set/vec4 8;
    %jmp/0xz  T_9.4, 8;
    %vpi_call/w 3 121 "$fdisplay", v000001994ac2f4a0_0, "WRITE FAIL (full): data=%0d", v000001994ac2efa0_0 {0 0 0};
T_9.4 ;
T_9.1 ;
    %jmp T_9;
    .thread T_9;
    .scope S_000001994ac33ce0;
T_10 ;
    %wait E_000001994ac317e0;
    %load/vec4 v000001994ac2f0e0_0;
    %flag_set/vec4 10;
    %flag_get/vec4 10;
    %jmp/0 T_10.3, 10;
    %load/vec4 v000001994ac303a0_0;
    %and;
T_10.3;
    %flag_set/vec4 9;
    %flag_get/vec4 9;
    %jmp/0 T_10.2, 9;
    %load/vec4 v000001994ac2f400_0;
    %nor/r;
    %and;
T_10.2;
    %flag_set/vec4 8;
    %jmp/0xz  T_10.0, 8;
    %delay 1000, 0;
    %vpi_call/w 3 129 "$fdisplay", v000001994ac2f4a0_0, "READ: data=%0d", v000001994ac2fae0_0 {0 0 0};
    %jmp T_10.1;
T_10.0 ;
    %load/vec4 v000001994ac2f0e0_0;
    %flag_set/vec4 10;
    %flag_get/vec4 10;
    %jmp/0 T_10.7, 10;
    %load/vec4 v000001994ac303a0_0;
    %and;
T_10.7;
    %flag_set/vec4 9;
    %flag_get/vec4 9;
    %jmp/0 T_10.6, 9;
    %load/vec4 v000001994ac2f400_0;
    %and;
T_10.6;
    %flag_set/vec4 8;
    %jmp/0xz  T_10.4, 8;
    %vpi_call/w 3 131 "$fdisplay", v000001994ac2f4a0_0, "READ FAIL (empty)" {0 0 0};
T_10.4 ;
T_10.1 ;
    %jmp T_10;
    .thread T_10;
# The file index is used to find the file name in the following table.
:file_names 5;
    "N/A";
    "<interactive>";
    "-";
    "tb/tb_async_fifo.sv";
    "rtl/async_fifo.sv";
