#! /mingw64/bin/vvp
:ivl_version "13.0 (stable)" "(v13_0)";
:ivl_delay_selection "TYPICAL";
:vpi_time_precision - 12;
:vpi_module "C:\msys64\mingw64\lib\ivl\system.vpi";
:vpi_module "C:\msys64\mingw64\lib\ivl\vhdl_sys.vpi";
:vpi_module "C:\msys64\mingw64\lib\ivl\vhdl_textio.vpi";
:vpi_module "C:\msys64\mingw64\lib\ivl\v2005_math.vpi";
:vpi_module "C:\msys64\mingw64\lib\ivl\va_math.vpi";
:vpi_module "C:\msys64\mingw64\lib\ivl\v2009.vpi";
S_00000252716d5f60 .scope package, "$unit" "$unit" 2 1;
 .timescale 0 0;
S_00000252716d89f0 .scope module, "tb_async_fifo" "tb_async_fifo" 3 3;
 .timescale -9 -12;
P_0000025271702870 .param/l "DATA_WIDTH" 1 3 6, +C4<00000000000000000000000000100000>;
P_00000252717028a8 .param/l "FIFO_DEPTH" 1 3 12, +C4<00000000000000000000000000000100>;
v00000252716d88d0_0 .var "clk_rd", 0 0;
v00000252716d7070_0 .var "clk_wr", 0 0;
v00000252716d7c50_0 .var/str "cmd";
v00000252716d6a30_0 .var "data", 31 0;
v00000252716d7110_0 .net "empty", 0 0, L_00000252716d7bb0;  1 drivers
v00000252716d6f30_0 .var/i "fd_in", 31 0;
v00000252716d6ad0_0 .var/i "fd_out", 31 0;
v00000252716d6c10_0 .net "full", 0 0, L_00000252716f9320;  1 drivers
v00000252716d6df0_0 .net "rd_data", 31 0, L_00000252716fa4a0;  1 drivers
v00000252716d6fd0_0 .var "rd_en", 0 0;
v00000252716d7250_0 .var "rst_n_rd", 0 0;
v00000252716d77f0_0 .var "rst_n_wr", 0 0;
v00000252716d7890_0 .var "wr_data", 31 0;
v00000252716d79d0_0 .var "wr_en", 0 0;
E_00000252716ff550 .event negedge, v00000252716d74d0_0;
E_00000252716ff610 .event negedge, v00000252716d7e30_0;
S_0000025271701340 .scope module, "dut" "async_fifo" 3 32, 4 1 0, S_00000252716d89f0;
 .timescale 0 0;
    .port_info 0 /INPUT 1 "clk_wr";
    .port_info 1 /INPUT 1 "rst_n_wr";
    .port_info 2 /INPUT 1 "wr_en";
    .port_info 3 /INPUT 32 "wr_data";
    .port_info 4 /INPUT 1 "clk_rd";
    .port_info 5 /INPUT 1 "rst_n_rd";
    .port_info 6 /INPUT 1 "rd_en";
    .port_info 7 /OUTPUT 32 "rd_data";
    .port_info 8 /OUTPUT 1 "full";
    .port_info 9 /OUTPUT 1 "empty";
P_00000252716a6c70 .param/l "DATA_WIDTH" 0 4 2, +C4<00000000000000000000000000100000>;
P_00000252716a6ca8 .param/l "FIFO_DEPTH" 0 4 3, +C4<00000000000000000000000000000100>;
P_00000252716a6ce0 .param/l "PTR_WIDTH" 1 4 17, +C4<00000000000000000000000000000010>;
L_00000252716fa5f0 .functor NOT 2, L_00000252716f8b00, C4<00>, C4<00>, C4<00>;
L_00000252716fa4a0 .functor BUFZ 32, L_00000252716f8ba0, C4<00000000000000000000000000000000>, C4<00000000000000000000000000000000>, C4<00000000000000000000000000000000>;
L_0000025271830088 .functor BUFT 1, C4<001>, C4<0>, C4<0>, C4<0>;
v00000252716d8010_0 .net/2u *"_ivl_0", 2 0, L_0000025271830088;  1 drivers
v00000252716d86f0_0 .net *"_ivl_11", 1 0, L_00000252716f8b00;  1 drivers
v00000252716d76b0_0 .net *"_ivl_12", 1 0, L_00000252716fa5f0;  1 drivers
v00000252716d7390_0 .net *"_ivl_15", 0 0, L_00000252716f9280;  1 drivers
v00000252716d72f0_0 .net *"_ivl_16", 2 0, L_00000252716f8e20;  1 drivers
v00000252716d7570_0 .net *"_ivl_20", 31 0, L_00000252716f8ba0;  1 drivers
v00000252716d81f0_0 .net *"_ivl_23", 1 0, L_00000252716f8420;  1 drivers
v00000252716d7d90_0 .net *"_ivl_24", 3 0, L_00000252716f86a0;  1 drivers
L_0000025271830118 .functor BUFT 1, C4<00>, C4<0>, C4<0>, C4<0>;
v00000252716d7750_0 .net *"_ivl_27", 1 0, L_0000025271830118;  1 drivers
L_00000252718300d0 .functor BUFT 1, C4<001>, C4<0>, C4<0>, C4<0>;
v00000252716d8290_0 .net/2u *"_ivl_4", 2 0, L_00000252718300d0;  1 drivers
v00000252716d8330_0 .net "clk_rd", 0 0, v00000252716d88d0_0;  1 drivers
v00000252716d7430_0 .net "clk_wr", 0 0, v00000252716d7070_0;  1 drivers
v00000252716d74d0_0 .net "empty", 0 0, L_00000252716d7bb0;  alias, 1 drivers
v00000252716d7f70 .array "fifo_mem", 3 0, 31 0;
v00000252716d7e30_0 .net "full", 0 0, L_00000252716f9320;  alias, 1 drivers
v00000252716d7ed0_0 .net "rd_data", 31 0, L_00000252716fa4a0;  alias, 1 drivers
v00000252716d6cb0_0 .net "rd_en", 0 0, v00000252716d6fd0_0;  1 drivers
v00000252716d6b70_0 .var "rd_ptr", 2 0;
v00000252716d8510_0 .var "rd_ptr_gray", 2 0;
v00000252716d7cf0_0 .var "rd_ptr_gray_sync_0", 2 0;
v00000252716d80b0_0 .var "rd_ptr_gray_sync_1", 2 0;
v00000252716d6e90_0 .net "rd_ptr_next", 2 0, L_00000252716d7b10;  1 drivers
v00000252716d71b0_0 .net "rst_n_rd", 0 0, v00000252716d7250_0;  1 drivers
v00000252716d8150_0 .net "rst_n_wr", 0 0, v00000252716d77f0_0;  1 drivers
v00000252716d8830_0 .net "wr_data", 31 0, v00000252716d7890_0;  1 drivers
v00000252716d6d50_0 .net "wr_en", 0 0, v00000252716d79d0_0;  1 drivers
v00000252716d83d0_0 .var "wr_ptr", 2 0;
v00000252716d8470_0 .var "wr_ptr_gray", 2 0;
v00000252716d85b0_0 .var "wr_ptr_gray_sync_0", 2 0;
v00000252716d8650_0 .var "wr_ptr_gray_sync_1", 2 0;
v00000252716d7930_0 .net "wr_ptr_next", 2 0, L_00000252716d7a70;  1 drivers
E_00000252716ff950/0 .event negedge, v00000252716d8150_0;
E_00000252716ff950/1 .event posedge, v00000252716d7430_0;
E_00000252716ff950 .event/or E_00000252716ff950/0, E_00000252716ff950/1;
E_00000252716ff7d0/0 .event negedge, v00000252716d71b0_0;
E_00000252716ff7d0/1 .event posedge, v00000252716d8330_0;
E_00000252716ff7d0 .event/or E_00000252716ff7d0/0, E_00000252716ff7d0/1;
L_00000252716d7a70 .arith/sum 3, v00000252716d83d0_0, L_0000025271830088;
L_00000252716d7b10 .arith/sum 3, v00000252716d6b70_0, L_00000252718300d0;
L_00000252716d7bb0 .cmp/eq 3, v00000252716d8510_0, v00000252716d8650_0;
L_00000252716f8b00 .part v00000252716d80b0_0, 1, 2;
L_00000252716f9280 .part v00000252716d80b0_0, 0, 1;
L_00000252716f8e20 .concat [ 1 2 0 0], L_00000252716f9280, L_00000252716fa5f0;
L_00000252716f9320 .cmp/eq 3, v00000252716d8470_0, L_00000252716f8e20;
L_00000252716f8ba0 .array/port v00000252716d7f70, L_00000252716f86a0;
L_00000252716f8420 .part v00000252716d6b70_0, 0, 2;
L_00000252716f86a0 .concat [ 2 2 0 0], L_00000252716f8420, L_0000025271830118;
S_00000252716a6650 .scope task, "fifo_read" "fifo_read" 3 162, 3 162 0, S_00000252716d89f0;
 .timescale -9 -12;
E_00000252716ff390 .event posedge, v00000252716d8330_0;
TD_tb_async_fifo.fifo_read ;
    %wait E_00000252716ff390;
    %delay 1000, 0;
    %pushi/vec4 1, 0, 1;
    %store/vec4 v00000252716d6fd0_0, 0, 1;
    %wait E_00000252716ff390;
    %delay 1000, 0;
    %pushi/vec4 0, 0, 1;
    %store/vec4 v00000252716d6fd0_0, 0, 1;
    %end;
S_00000252716a67e0 .scope task, "fifo_write" "fifo_write" 3 150, 3 150 0, S_00000252716d89f0;
 .timescale -9 -12;
v00000252716d8790_0 .var "data", 31 0;
E_00000252716ff690 .event posedge, v00000252716d7430_0;
TD_tb_async_fifo.fifo_write ;
    %wait E_00000252716ff690;
    %delay 1000, 0;
    %pushi/vec4 1, 0, 1;
    %store/vec4 v00000252716d79d0_0, 0, 1;
    %load/vec4 v00000252716d8790_0;
    %store/vec4 v00000252716d7890_0, 0, 32;
    %wait E_00000252716ff690;
    %delay 1000, 0;
    %pushi/vec4 0, 0, 1;
    %store/vec4 v00000252716d79d0_0, 0, 1;
    %end;
    .scope S_0000025271701340;
T_2 ;
    %wait E_00000252716ff950;
    %load/vec4 v00000252716d8150_0;
    %nor/r;
    %flag_set/vec4 8;
    %jmp/0xz  T_2.0, 8;
    %pushi/vec4 0, 0, 3;
    %assign/vec4 v00000252716d83d0_0, 0;
    %pushi/vec4 0, 0, 3;
    %assign/vec4 v00000252716d8470_0, 0;
    %jmp T_2.1;
T_2.0 ;
    %load/vec4 v00000252716d6d50_0;
    %flag_set/vec4 9;
    %flag_get/vec4 9;
    %jmp/0 T_2.4, 9;
    %load/vec4 v00000252716d7e30_0;
    %nor/r;
    %and;
T_2.4;
    %flag_set/vec4 8;
    %jmp/0xz  T_2.2, 8;
    %load/vec4 v00000252716d8830_0;
    %load/vec4 v00000252716d83d0_0;
    %parti/s 2, 0, 2;
    %pad/u 4;
    %ix/vec4 3;
    %ix/load 4, 0, 0; Constant delay
    %assign/vec4/a/d v00000252716d7f70, 0, 4;
    %load/vec4 v00000252716d7930_0;
    %assign/vec4 v00000252716d83d0_0, 0;
    %load/vec4 v00000252716d7930_0;
    %load/vec4 v00000252716d7930_0;
    %ix/load 4, 1, 0;
    %flag_set/imm 4, 0;
    %shiftr 4;
    %xor;
    %assign/vec4 v00000252716d8470_0, 0;
T_2.2 ;
T_2.1 ;
    %jmp T_2;
    .thread T_2;
    .scope S_0000025271701340;
T_3 ;
    %wait E_00000252716ff7d0;
    %load/vec4 v00000252716d71b0_0;
    %nor/r;
    %flag_set/vec4 8;
    %jmp/0xz  T_3.0, 8;
    %pushi/vec4 0, 0, 3;
    %assign/vec4 v00000252716d6b70_0, 0;
    %pushi/vec4 0, 0, 3;
    %assign/vec4 v00000252716d8510_0, 0;
    %jmp T_3.1;
T_3.0 ;
    %load/vec4 v00000252716d6cb0_0;
    %flag_set/vec4 9;
    %flag_get/vec4 9;
    %jmp/0 T_3.4, 9;
    %load/vec4 v00000252716d74d0_0;
    %nor/r;
    %and;
T_3.4;
    %flag_set/vec4 8;
    %jmp/0xz  T_3.2, 8;
    %load/vec4 v00000252716d6e90_0;
    %assign/vec4 v00000252716d6b70_0, 0;
    %load/vec4 v00000252716d6e90_0;
    %load/vec4 v00000252716d6e90_0;
    %ix/load 4, 1, 0;
    %flag_set/imm 4, 0;
    %shiftr 4;
    %xor;
    %assign/vec4 v00000252716d8510_0, 0;
T_3.2 ;
T_3.1 ;
    %jmp T_3;
    .thread T_3;
    .scope S_0000025271701340;
T_4 ;
    %wait E_00000252716ff7d0;
    %load/vec4 v00000252716d71b0_0;
    %nor/r;
    %flag_set/vec4 8;
    %jmp/0xz  T_4.0, 8;
    %pushi/vec4 0, 0, 3;
    %assign/vec4 v00000252716d85b0_0, 0;
    %pushi/vec4 0, 0, 3;
    %assign/vec4 v00000252716d8650_0, 0;
    %jmp T_4.1;
T_4.0 ;
    %load/vec4 v00000252716d8470_0;
    %assign/vec4 v00000252716d85b0_0, 0;
    %load/vec4 v00000252716d85b0_0;
    %assign/vec4 v00000252716d8650_0, 0;
T_4.1 ;
    %jmp T_4;
    .thread T_4;
    .scope S_0000025271701340;
T_5 ;
    %wait E_00000252716ff950;
    %load/vec4 v00000252716d8150_0;
    %nor/r;
    %flag_set/vec4 8;
    %jmp/0xz  T_5.0, 8;
    %pushi/vec4 0, 0, 3;
    %assign/vec4 v00000252716d7cf0_0, 0;
    %pushi/vec4 0, 0, 3;
    %assign/vec4 v00000252716d80b0_0, 0;
    %jmp T_5.1;
T_5.0 ;
    %load/vec4 v00000252716d8510_0;
    %assign/vec4 v00000252716d7cf0_0, 0;
    %load/vec4 v00000252716d7cf0_0;
    %assign/vec4 v00000252716d80b0_0, 0;
T_5.1 ;
    %jmp T_5;
    .thread T_5;
    .scope S_00000252716d89f0;
T_6 ;
    %pushi/vec4 0, 0, 1;
    %store/vec4 v00000252716d7070_0, 0, 1;
T_6.0 ;
    %delay 2500, 0;
    %load/vec4 v00000252716d7070_0;
    %inv;
    %store/vec4 v00000252716d7070_0, 0, 1;
    %jmp T_6.0;
T_6.1 ;
    %end;
    .thread T_6;
    .scope S_00000252716d89f0;
T_7 ;
    %pushi/vec4 0, 0, 1;
    %store/vec4 v00000252716d88d0_0, 0, 1;
T_7.0 ;
    %delay 5000, 0;
    %load/vec4 v00000252716d88d0_0;
    %inv;
    %store/vec4 v00000252716d88d0_0, 0, 1;
    %jmp T_7.0;
T_7.1 ;
    %end;
    .thread T_7;
    .scope S_00000252716d89f0;
T_8 ;
    %vpi_call/w 3 65 "$dumpfile", "./sim/wave.vcd" {0 0 0};
    %vpi_call/w 3 66 "$dumpvars", 32'sb00000000000000000000000000000000, S_00000252716d89f0 {0 0 0};
    %pushi/vec4 0, 0, 1;
    %store/vec4 v00000252716d77f0_0, 0, 1;
    %pushi/vec4 0, 0, 1;
    %store/vec4 v00000252716d7250_0, 0, 1;
    %pushi/vec4 0, 0, 1;
    %store/vec4 v00000252716d79d0_0, 0, 1;
    %pushi/vec4 0, 0, 1;
    %store/vec4 v00000252716d6fd0_0, 0, 1;
    %pushi/vec4 0, 0, 32;
    %store/vec4 v00000252716d7890_0, 0, 32;
    %fork t_1, S_00000252716d89f0;
    %fork t_2, S_00000252716d89f0;
    %join;
    %join;
    %jmp t_0;
t_1 ;
    %wait E_00000252716ff690;
    %delay 1000, 0;
    %pushi/vec4 1, 0, 1;
    %store/vec4 v00000252716d77f0_0, 0, 1;
    %end;
t_2 ;
    %wait E_00000252716ff390;
    %delay 1000, 0;
    %pushi/vec4 1, 0, 1;
    %store/vec4 v00000252716d7250_0, 0, 1;
    %end;
    .scope S_00000252716d89f0;
t_0 ;
    %vpi_func 3 92 "$fopen" 32, "./sim/stimulus.txt", "r" {0 0 0};
    %store/vec4 v00000252716d6f30_0, 0, 32;
    %vpi_func 3 93 "$fopen" 32, "./sim/dut_output.txt", "w" {0 0 0};
    %store/vec4 v00000252716d6ad0_0, 0, 32;
    %load/vec4 v00000252716d6f30_0;
    %cmpi/e 0, 0, 32;
    %jmp/1 T_8.2, 4;
    %flag_mov 8, 4;
    %load/vec4 v00000252716d6ad0_0;
    %cmpi/e 0, 0, 32;
    %flag_or 4, 8;
T_8.2;
    %jmp/0xz  T_8.0, 4;
    %vpi_call/w 3 96 "$display", "Failed to open files." {0 0 0};
    %vpi_call/w 3 97 "$finish" {0 0 0};
T_8.0 ;
T_8.3 ;
    %vpi_func 3 100 "$feof" 32, v00000252716d6f30_0 {0 0 0};
    %nor/r;
    %flag_set/vec4 8;
    %jmp/0xz T_8.4, 8;
    %vpi_call/w 3 104 "$fscanf", v00000252716d6f30_0, "%s %d\012", v00000252716d7c50_0, v00000252716d6a30_0 {0 0 0};
    %load/str v00000252716d7c50_0;
    %pushi/str "WRITE";
    %cmp/str;
    %flag_get/vec4 4;
    %flag_set/vec4 8;
    %jmp/0xz  T_8.5, 8;
    %load/vec4 v00000252716d6a30_0;
    %store/vec4 v00000252716d8790_0, 0, 32;
    %fork TD_tb_async_fifo.fifo_write, S_00000252716a67e0;
    %join;
    %jmp T_8.6;
T_8.5 ;
    %load/str v00000252716d7c50_0;
    %pushi/str "READ";
    %cmp/str;
    %flag_get/vec4 4;
    %flag_set/vec4 8;
    %jmp/0xz  T_8.7, 8;
    %fork TD_tb_async_fifo.fifo_read, S_00000252716a6650;
    %join;
    %jmp T_8.8;
T_8.7 ;
    %load/str v00000252716d7c50_0;
    %pushi/str "WR_WAIT";
    %cmp/str;
    %flag_get/vec4 4;
    %flag_set/vec4 8;
    %jmp/0xz  T_8.9, 8;
    %wait E_00000252716ff610;
    %wait E_00000252716ff690;
    %jmp T_8.10;
T_8.9 ;
    %load/str v00000252716d7c50_0;
    %pushi/str "RD_WAIT";
    %cmp/str;
    %flag_get/vec4 4;
    %flag_set/vec4 8;
    %jmp/0xz  T_8.11, 8;
    %wait E_00000252716ff550;
    %wait E_00000252716ff390;
T_8.11 ;
T_8.10 ;
T_8.8 ;
T_8.6 ;
    %jmp T_8.3;
T_8.4 ;
    %vpi_call/w 3 121 "$fclose", v00000252716d6f30_0 {0 0 0};
    %vpi_call/w 3 122 "$fclose", v00000252716d6ad0_0 {0 0 0};
    %delay 100000, 0;
    %vpi_call/w 3 124 "$display", "Test Completed." {0 0 0};
    %vpi_call/w 3 125 "$display", "dut_output.txt generated." {0 0 0};
    %vpi_call/w 3 127 "$finish" {0 0 0};
    %end;
    .thread T_8;
    .scope S_00000252716d89f0;
T_9 ;
    %wait E_00000252716ff690;
    %load/vec4 v00000252716d77f0_0;
    %flag_set/vec4 10;
    %flag_get/vec4 10;
    %jmp/0 T_9.3, 10;
    %load/vec4 v00000252716d79d0_0;
    %and;
T_9.3;
    %flag_set/vec4 9;
    %flag_get/vec4 9;
    %jmp/0 T_9.2, 9;
    %load/vec4 v00000252716d6c10_0;
    %nor/r;
    %and;
T_9.2;
    %flag_set/vec4 8;
    %jmp/0xz  T_9.0, 8;
    %vpi_call/w 3 133 "$fdisplay", v00000252716d6ad0_0, "WRITE: data=%0d @ %0t", v00000252716d7890_0, $time {0 0 0};
    %jmp T_9.1;
T_9.0 ;
    %load/vec4 v00000252716d77f0_0;
    %flag_set/vec4 10;
    %flag_get/vec4 10;
    %jmp/0 T_9.7, 10;
    %load/vec4 v00000252716d79d0_0;
    %and;
T_9.7;
    %flag_set/vec4 9;
    %flag_get/vec4 9;
    %jmp/0 T_9.6, 9;
    %load/vec4 v00000252716d6c10_0;
    %and;
T_9.6;
    %flag_set/vec4 8;
    %jmp/0xz  T_9.4, 8;
    %vpi_call/w 3 135 "$fdisplay", v00000252716d6ad0_0, "WRITE FAIL (full): data=%0d @ %0t", v00000252716d7890_0, $time {0 0 0};
T_9.4 ;
T_9.1 ;
    %jmp T_9;
    .thread T_9;
    .scope S_00000252716d89f0;
T_10 ;
    %wait E_00000252716ff390;
    %load/vec4 v00000252716d7250_0;
    %flag_set/vec4 10;
    %flag_get/vec4 10;
    %jmp/0 T_10.3, 10;
    %load/vec4 v00000252716d6fd0_0;
    %and;
T_10.3;
    %flag_set/vec4 9;
    %flag_get/vec4 9;
    %jmp/0 T_10.2, 9;
    %load/vec4 v00000252716d7110_0;
    %nor/r;
    %and;
T_10.2;
    %flag_set/vec4 8;
    %jmp/0xz  T_10.0, 8;
    %vpi_call/w 3 143 "$fdisplay", v00000252716d6ad0_0, "READ : data=%0d @ %0t", v00000252716d6df0_0, $time {0 0 0};
    %jmp T_10.1;
T_10.0 ;
    %load/vec4 v00000252716d7250_0;
    %flag_set/vec4 10;
    %flag_get/vec4 10;
    %jmp/0 T_10.7, 10;
    %load/vec4 v00000252716d6fd0_0;
    %and;
T_10.7;
    %flag_set/vec4 9;
    %flag_get/vec4 9;
    %jmp/0 T_10.6, 9;
    %load/vec4 v00000252716d7110_0;
    %and;
T_10.6;
    %flag_set/vec4 8;
    %jmp/0xz  T_10.4, 8;
    %vpi_call/w 3 145 "$fdisplay", v00000252716d6ad0_0, "READ FAIL (empty) @ %0t", $time {0 0 0};
T_10.4 ;
T_10.1 ;
    %jmp T_10;
    .thread T_10;
# The file index is used to find the file name in the following table.
:file_names 5;
    "N/A";
    "<interactive>";
    "-";
    "tb/tb_async_fifo.sv";
    "rtl/async_fifo.sv";
